current directory: /mnt/c/Users/nicek/resume-template-gh-pages/_vendor/bundle/ruby/2.5.0/gems/ffi-1.15.0/ext/ffi_c
/usr/bin/ruby2.5 -r ./siteconf20210503-3458-1nq7top.rb extconf.rb
/usr/lib/ruby/2.5.0/mkmf.rb:1553: warning: Insecure world writable dir /mnt/c in PATH, mode 040777
checking for ffi_prep_closure_loc() in -lffi... yes
checking for ffi_prep_cif_var()... yes
checking for ffi_raw_call()... yes
checking for ffi_prep_raw_closure()... yes
creating extconf.h
creating Makefile

current directory: /mnt/c/Users/nicek/resume-template-gh-pages/_vendor/bundle/ruby/2.5.0/gems/ffi-1.15.0/ext/ffi_c
make "DESTDIR=" clean
make: Warning: File 'Makefile' has modification time 0.98 s in the future
make: warning:  Clock skew detected.  Your build may be incomplete.

current directory: /mnt/c/Users/nicek/resume-template-gh-pages/_vendor/bundle/ruby/2.5.0/gems/ffi-1.15.0/ext/ffi_c
make "DESTDIR="
make: Warning: File 'Makefile' has modification time 0.96 s in the future
compiling AbstractMemory.c
compiling ArrayType.c
compiling Buffer.c
compiling Call.c
compiling ClosurePool.c
compiling DynamicLibrary.c
compiling Function.c
compiling FunctionInfo.c
compiling LastError.c
compiling LongDouble.c
compiling MappedType.c
compiling MemoryPointer.c
compiling MethodHandle.c
compiling Platform.c
compiling Pointer.c
compiling Struct.c
compiling StructByValue.c
compiling StructLayout.c
compiling Thread.c
compiling Type.c
compiling Types.c
compiling Variadic.c
compiling ffi.c
linking shared-object ffi_c.so
make: warning:  Clock skew detected.  Your build may be incomplete.

current directory: /mnt/c/Users/nicek/resume-template-gh-pages/_vendor/bundle/ruby/2.5.0/gems/ffi-1.15.0/ext/ffi_c
make "DESTDIR=" install
make: Warning: File 'ffi_c.so' has modification time 0.99 s in the future
/usr/bin/install -c -m 0755 ffi_c.so ./.gem.20210503-3458-3f17g1
make: warning:  Clock skew detected.  Your build may be incomplete.
